<?xml version="1.0" encoding="UTF-8"?>
<!-- Generated by org.testng.reporters.JUnitReportReporter -->
<testsuite hostname="DESKTOP-U5SAEVP" failures="0" tests="1" name="testCases.TC001_AccountRegistrationTest" time="5.526" errors="0" timestamp="2025-05-08T16:01:35 IST" skipped="0">
  <testcase classname="testCases.TC001_AccountRegistrationTest" name="verifyAccountRegistration" time="5.526"/>
</testsuite> <!-- testCases.TC001_AccountRegistrationTest -->
